  [1m[35m (257.0ms)[0m  [1m[35mCREATE DATABASE "remember_me_backend_development" ENCODING = 'unicode'[0m
  [1m[35m (236.8ms)[0m  [1m[35mCREATE DATABASE "remember_me_backend_test" ENCODING = 'unicode'[0m
  [1m[35m (14.2ms)[0m  [1m[35mCREATE TABLE "schema_migrations" ("version" character varying NOT NULL PRIMARY KEY)[0m
  [1m[35m (13.0ms)[0m  [1m[35mCREATE TABLE "ar_internal_metadata" ("key" character varying NOT NULL PRIMARY KEY, "value" character varying, "created_at" timestamp(6) NOT NULL, "updated_at" timestamp(6) NOT NULL)[0m
  [1m[35m (0.4ms)[0m  [1m[34mSELECT pg_try_advisory_lock(5890215757073810715)[0m
  [1m[36mActiveRecord::SchemaMigration Pluck (0.5ms)[0m  [1m[34mSELECT "schema_migrations"."version" FROM "schema_migrations" ORDER BY "schema_migrations"."version" ASC[0m
Migrating to CreateThings (20220726202442)
  [1m[36mTRANSACTION (0.3ms)[0m  [1m[35mBEGIN[0m
  [1m[35m (11.9ms)[0m  [1m[35mCREATE TABLE "things" ("id" bigserial primary key, "name" character varying, "content" character varying, "url" character varying, "image_url" character varying, "is_favorite" boolean, "created_at" timestamp(6) NOT NULL, "updated_at" timestamp(6) NOT NULL)[0m
  [1m[36mActiveRecord::SchemaMigration Create (0.8ms)[0m  [1m[32mINSERT INTO "schema_migrations" ("version") VALUES ($1) RETURNING "version"[0m  [["version", "20220726202442"]]
  [1m[36mTRANSACTION (2.4ms)[0m  [1m[35mCOMMIT[0m
Migrating to CreateThingRelationships (20220726202553)
  [1m[36mTRANSACTION (0.3ms)[0m  [1m[35mBEGIN[0m
  [1m[35m (7.4ms)[0m  [1m[35mCREATE TABLE "thing_relationships" ("id" bigserial primary key, "parent_thing_id" integer NOT NULL, "child_thing_id" integer NOT NULL, "created_at" timestamp(6) NOT NULL, "updated_at" timestamp(6) NOT NULL)[0m
  [1m[36mActiveRecord::SchemaMigration Create (0.4ms)[0m  [1m[32mINSERT INTO "schema_migrations" ("version") VALUES ($1) RETURNING "version"[0m  [["version", "20220726202553"]]
  [1m[36mTRANSACTION (2.4ms)[0m  [1m[35mCOMMIT[0m
  [1m[36mActiveRecord::InternalMetadata Load (0.6ms)[0m  [1m[34mSELECT "ar_internal_metadata".* FROM "ar_internal_metadata" WHERE "ar_internal_metadata"."key" = $1 LIMIT $2[0m  [["key", "environment"], ["LIMIT", 1]]
  [1m[36mTRANSACTION (0.3ms)[0m  [1m[35mBEGIN[0m
  [1m[36mActiveRecord::InternalMetadata Create (0.6ms)[0m  [1m[32mINSERT INTO "ar_internal_metadata" ("key", "value", "created_at", "updated_at") VALUES ($1, $2, $3, $4) RETURNING "key"[0m  [["key", "environment"], ["value", "development"], ["created_at", "2022-07-26 20:35:17.837542"], ["updated_at", "2022-07-26 20:35:17.837542"]]
  [1m[36mTRANSACTION (2.1ms)[0m  [1m[35mCOMMIT[0m
  [1m[35m (0.4ms)[0m  [1m[34mSELECT pg_advisory_unlock(5890215757073810715)[0m
  [1m[36mActiveRecord::SchemaMigration Pluck (0.7ms)[0m  [1m[34mSELECT "schema_migrations"."version" FROM "schema_migrations" ORDER BY "schema_migrations"."version" ASC[0m
  [1m[36mActiveRecord::SchemaMigration Pluck (0.7ms)[0m  [1m[34mSELECT "schema_migrations"."version" FROM "schema_migrations" ORDER BY "schema_migrations"."version" ASC[0m
  [1m[36mThing Load (0.7ms)[0m  [1m[34mSELECT "things".* FROM "things"[0m
  [1m[36mTRANSACTION (0.4ms)[0m  [1m[35mBEGIN[0m
  [1m[36mThing Create (1.2ms)[0m  [1m[32mINSERT INTO "things" ("name", "content", "url", "image_url", "is_favorite", "created_at", "updated_at") VALUES ($1, $2, $3, $4, $5, $6, $7) RETURNING "id"[0m  [["name", "Blue Civic"], ["content", "This is my second EF hatch! Its a huge money pit."], ["url", nil], ["image_url", nil], ["is_favorite", nil], ["created_at", "2022-07-26 20:37:30.707478"], ["updated_at", "2022-07-26 20:37:30.707478"]]
  [1m[36mTRANSACTION (3.5ms)[0m  [1m[35mCOMMIT[0m
  [1m[36mThing Load (0.6ms)[0m  [1m[34mSELECT "things".* FROM "things"[0m
  [1m[36mTRANSACTION (0.3ms)[0m  [1m[35mBEGIN[0m
  [1m[36mThing Create (1.0ms)[0m  [1m[32mINSERT INTO "things" ("name", "content", "url", "image_url", "is_favorite", "created_at", "updated_at") VALUES ($1, $2, $3, $4, $5, $6, $7) RETURNING "id"[0m  [["name", "Cars"], ["content", "Never buy a car that is less than three years old."], ["url", nil], ["image_url", nil], ["is_favorite", nil], ["created_at", "2022-07-26 20:43:14.879376"], ["updated_at", "2022-07-26 20:43:14.879376"]]
  [1m[36mTRANSACTION (2.0ms)[0m  [1m[35mCOMMIT[0m
  [1m[36mThing Load (0.6ms)[0m  [1m[34mSELECT "things".* FROM "things"[0m
  [1m[36mThing Load (0.7ms)[0m  [1m[34mSELECT "things".* FROM "things"[0m
  [1m[36mTRANSACTION (0.3ms)[0m  [1m[35mBEGIN[0m
  [1m[36mThing Load (0.4ms)[0m  [1m[34mSELECT "things".* FROM "things" WHERE "things"."id" = $1 LIMIT $2[0m  [["id", 2], ["LIMIT", 1]]
  [1m[36mThing Load (0.4ms)[0m  [1m[34mSELECT "things".* FROM "things" WHERE "things"."id" = $1 LIMIT $2[0m  [["id", 1], ["LIMIT", 1]]
  [1m[36mThingRelationship Create (1.0ms)[0m  [1m[32mINSERT INTO "thing_relationships" ("parent_thing_id", "child_thing_id", "created_at", "updated_at") VALUES ($1, $2, $3, $4) RETURNING "id"[0m  [["parent_thing_id", 2], ["child_thing_id", 1], ["created_at", "2022-07-26 20:47:05.135047"], ["updated_at", "2022-07-26 20:47:05.135047"]]
  [1m[36mTRANSACTION (2.2ms)[0m  [1m[35mCOMMIT[0m
  [1m[36mThing Load (0.6ms)[0m  [1m[34mSELECT "things".* FROM "things" WHERE "things"."id" = $1 LIMIT $2[0m  [["id", 1], ["LIMIT", 1]]
  [1m[36mThing Load (0.5ms)[0m  [1m[34mSELECT "things".* FROM "things" WHERE "things"."id" = $1 LIMIT $2[0m  [["id", 1], ["LIMIT", 1]]
  [1m[36mThing Load (0.6ms)[0m  [1m[34mSELECT "things".* FROM "things" INNER JOIN "thing_relationships" ON "things"."id" = "thing_relationships"."child_thing_id" WHERE "thing_relationships"."parent_thing_id" = $1[0m  [["parent_thing_id", 1]]
  [1m[36mThing Load (0.5ms)[0m  [1m[34mSELECT "things".* FROM "things" WHERE "things"."id" = $1 LIMIT $2[0m  [["id", 2], ["LIMIT", 1]]
  [1m[36mThing Load (0.6ms)[0m  [1m[34mSELECT "things".* FROM "things" INNER JOIN "thing_relationships" ON "things"."id" = "thing_relationships"."child_thing_id" WHERE "thing_relationships"."parent_thing_id" = $1[0m  [["parent_thing_id", 2]]
  [1m[36mActiveRecord::SchemaMigration Pluck (0.9ms)[0m  [1m[34mSELECT "schema_migrations"."version" FROM "schema_migrations" ORDER BY "schema_migrations"."version" ASC[0m
  [1m[36mActiveRecord::InternalMetadata Pluck (0.5ms)[0m  [1m[34mSELECT "ar_internal_metadata"."value" FROM "ar_internal_metadata" WHERE "ar_internal_metadata"."key" = $1 LIMIT $2[0m  [["key", "environment"], ["LIMIT", 1]]
  [1m[36mActiveRecord::SchemaMigration Pluck (0.4ms)[0m  [1m[34mSELECT "schema_migrations"."version" FROM "schema_migrations" ORDER BY "schema_migrations"."version" ASC[0m
  [1m[36mActiveRecord::InternalMetadata Pluck (0.3ms)[0m  [1m[34mSELECT "ar_internal_metadata"."value" FROM "ar_internal_metadata" WHERE "ar_internal_metadata"."key" = $1 LIMIT $2[0m  [["key", "environment"], ["LIMIT", 1]]
  [1m[36mActiveRecord::SchemaMigration Pluck (0.4ms)[0m  [1m[34mSELECT "schema_migrations"."version" FROM "schema_migrations" ORDER BY "schema_migrations"."version" ASC[0m
  [1m[36mActiveRecord::InternalMetadata Pluck (0.3ms)[0m  [1m[34mSELECT "ar_internal_metadata"."value" FROM "ar_internal_metadata" WHERE "ar_internal_metadata"."key" = $1 LIMIT $2[0m  [["key", "environment"], ["LIMIT", 1]]
  [1m[35m (37.8ms)[0m  [1m[35mDROP DATABASE IF EXISTS "remember_me_backend_development"[0m
  [1m[35m (39.3ms)[0m  [1m[35mDROP DATABASE IF EXISTS "remember_me_backend_test"[0m
  [1m[35m (212.4ms)[0m  [1m[35mCREATE DATABASE "remember_me_backend_development" ENCODING = 'unicode'[0m
  [1m[35m (186.0ms)[0m  [1m[35mCREATE DATABASE "remember_me_backend_test" ENCODING = 'unicode'[0m
  [1m[35m (118.4ms)[0m  [1m[35mCREATE TABLE "schema_migrations" ("version" character varying NOT NULL PRIMARY KEY)[0m
  [1m[35m (73.6ms)[0m  [1m[35mCREATE TABLE "ar_internal_metadata" ("key" character varying NOT NULL PRIMARY KEY, "value" character varying, "created_at" timestamp(6) NOT NULL, "updated_at" timestamp(6) NOT NULL)[0m
  [1m[35m (0.4ms)[0m  [1m[34mSELECT pg_try_advisory_lock(5890215757073810715)[0m
  [1m[36mActiveRecord::SchemaMigration Pluck (0.7ms)[0m  [1m[34mSELECT "schema_migrations"."version" FROM "schema_migrations" ORDER BY "schema_migrations"."version" ASC[0m
Migrating to CreateThings (20220726202442)
  [1m[36mTRANSACTION (0.3ms)[0m  [1m[35mBEGIN[0m
  [1m[35m (44.2ms)[0m  [1m[35mCREATE TABLE "things" ("id" bigserial primary key, "name" character varying, "content" character varying, "url" character varying, "image_url" character varying, "is_favorite" boolean DEFAULT FALSE, "created_at" timestamp(6) NOT NULL, "updated_at" timestamp(6) NOT NULL)[0m
  [1m[36mActiveRecord::SchemaMigration Create (0.6ms)[0m  [1m[32mINSERT INTO "schema_migrations" ("version") VALUES ($1) RETURNING "version"[0m  [["version", "20220726202442"]]
  [1m[36mTRANSACTION (13.5ms)[0m  [1m[35mCOMMIT[0m
Migrating to CreateThingRelationships (20220726202553)
  [1m[36mTRANSACTION (0.3ms)[0m  [1m[35mBEGIN[0m
  [1m[35m (37.7ms)[0m  [1m[35mCREATE TABLE "thing_relationships" ("id" bigserial primary key, "parent_thing_id" integer NOT NULL, "child_thing_id" integer NOT NULL, "created_at" timestamp(6) NOT NULL, "updated_at" timestamp(6) NOT NULL)[0m
  [1m[36mActiveRecord::SchemaMigration Create (0.5ms)[0m  [1m[32mINSERT INTO "schema_migrations" ("version") VALUES ($1) RETURNING "version"[0m  [["version", "20220726202553"]]
  [1m[36mTRANSACTION (4.9ms)[0m  [1m[35mCOMMIT[0m
  [1m[36mActiveRecord::InternalMetadata Load (0.7ms)[0m  [1m[34mSELECT "ar_internal_metadata".* FROM "ar_internal_metadata" WHERE "ar_internal_metadata"."key" = $1 LIMIT $2[0m  [["key", "environment"], ["LIMIT", 1]]
  [1m[36mTRANSACTION (0.3ms)[0m  [1m[35mBEGIN[0m
  [1m[36mActiveRecord::InternalMetadata Create (0.8ms)[0m  [1m[32mINSERT INTO "ar_internal_metadata" ("key", "value", "created_at", "updated_at") VALUES ($1, $2, $3, $4) RETURNING "key"[0m  [["key", "environment"], ["value", "development"], ["created_at", "2022-07-26 20:50:29.256053"], ["updated_at", "2022-07-26 20:50:29.256053"]]
  [1m[36mTRANSACTION (5.8ms)[0m  [1m[35mCOMMIT[0m
  [1m[35m (0.5ms)[0m  [1m[34mSELECT pg_advisory_unlock(5890215757073810715)[0m
  [1m[36mActiveRecord::SchemaMigration Pluck (0.7ms)[0m  [1m[34mSELECT "schema_migrations"."version" FROM "schema_migrations" ORDER BY "schema_migrations"."version" ASC[0m
  [1m[36mActiveRecord::SchemaMigration Pluck (0.9ms)[0m  [1m[34mSELECT "schema_migrations"."version" FROM "schema_migrations" ORDER BY "schema_migrations"."version" ASC[0m
  [1m[36mTRANSACTION (0.3ms)[0m  [1m[35mBEGIN[0m
  [1m[36mThing Create (0.8ms)[0m  [1m[32mINSERT INTO "things" ("name", "content", "url", "image_url", "is_favorite", "created_at", "updated_at") VALUES ($1, $2, $3, $4, $5, $6, $7) RETURNING "id"[0m  [["name", "Cars"], ["content", "Never buy a car that is less than 3 years old."], ["url", nil], ["image_url", nil], ["is_favorite", false], ["created_at", "2022-07-26 20:53:49.035689"], ["updated_at", "2022-07-26 20:53:49.035689"]]
  [1m[36mTRANSACTION (3.0ms)[0m  [1m[35mCOMMIT[0m
  [1m[36mTRANSACTION (0.3ms)[0m  [1m[35mBEGIN[0m
  [1m[36mThing Create (0.4ms)[0m  [1m[32mINSERT INTO "things" ("name", "content", "url", "image_url", "is_favorite", "created_at", "updated_at") VALUES ($1, $2, $3, $4, $5, $6, $7) RETURNING "id"[0m  [["name", "Blue Civic"], ["content", "My lovely 91 civic - such a moneypit"], ["url", nil], ["image_url", nil], ["is_favorite", false], ["created_at", "2022-07-26 20:53:49.043982"], ["updated_at", "2022-07-26 20:53:49.043982"]]
  [1m[36mTRANSACTION (2.3ms)[0m  [1m[35mCOMMIT[0m
  [1m[36mTRANSACTION (0.3ms)[0m  [1m[35mBEGIN[0m
  [1m[36mThingRelationship Create (0.7ms)[0m  [1m[32mINSERT INTO "thing_relationships" ("parent_thing_id", "child_thing_id", "created_at", "updated_at") VALUES ($1, $2, $3, $4) RETURNING "id"[0m  [["parent_thing_id", 1], ["child_thing_id", 2], ["created_at", "2022-07-26 20:53:49.067063"], ["updated_at", "2022-07-26 20:53:49.067063"]]
  [1m[36mTRANSACTION (2.1ms)[0m  [1m[35mCOMMIT[0m
  [1m[36mThing Load (0.5ms)[0m  [1m[34mSELECT "things".* FROM "things"[0m
  [1m[36mThingRelationship Load (0.8ms)[0m  [1m[34mSELECT "thing_relationships".* FROM "thing_relationships"[0m
  [1m[36mThing Load (0.5ms)[0m  [1m[34mSELECT "things".* FROM "things" WHERE "things"."id" = $1 LIMIT $2[0m  [["id", 1], ["LIMIT", 1]]
  [1m[36mThing Load (0.7ms)[0m  [1m[34mSELECT "things".* FROM "things" INNER JOIN "thing_relationships" ON "things"."id" = "thing_relationships"."child_thing_id" WHERE "thing_relationships"."parent_thing_id" = $1[0m  [["parent_thing_id", 1]]
Started GET "/" for ::1 at 2022-07-26 18:03:13 -0400
  [1m[36mActiveRecord::SchemaMigration Pluck (2.0ms)[0m  [1m[34mSELECT "schema_migrations"."version" FROM "schema_migrations" ORDER BY "schema_migrations"."version" ASC[0m
Processing by Rails::WelcomeController#index as HTML
  Rendering /usr/share/rvm/gems/ruby-2.7.4/gems/railties-7.0.3.1/lib/rails/templates/rails/welcome/index.html.erb
  Rendered /usr/share/rvm/gems/ruby-2.7.4/gems/railties-7.0.3.1/lib/rails/templates/rails/welcome/index.html.erb (Duration: 3.2ms | Allocations: 677)
Completed 200 OK in 19ms (Views: 11.4ms | ActiveRecord: 0.0ms | Allocations: 3862)


Started GET "/requestProvider.js.map" for ::1 at 2022-07-26 18:03:20 -0400
  
ActionController::RoutingError (No route matches [GET] "/requestProvider.js.map"):
  
Started GET "/things" for ::1 at 2022-07-26 18:04:00 -0400
Processing by ThingsController#index as */*
  [1m[36mThing Load (1.6ms)[0m  [1m[34mSELECT "things".* FROM "things"[0m
  ↳ app/controllers/things_controller.rb:3:in `index'
Completed 200 OK in 58ms (Views: 25.7ms | ActiveRecord: 13.5ms | Allocations: 9228)


Started GET "/things/1" for ::1 at 2022-07-26 18:04:23 -0400
Processing by ThingsController#show as */*
  Parameters: {"id"=>"1"}
  [1m[36mThing Load (1.1ms)[0m  [1m[34mSELECT "things".* FROM "things" WHERE "things"."id" = $1 LIMIT $2[0m  [["id", 1], ["LIMIT", 1]]
  ↳ app/controllers/things_controller.rb:7:in `show'
Completed 200 OK in 23ms (Views: 2.6ms | ActiveRecord: 1.7ms | Allocations: 1298)


Started POST "/things" for ::1 at 2022-07-26 18:12:52 -0400
Processing by ThingsController#create as */*
  Parameters: {"name"=>"Rails", "content"=>"Ruby on Rails is a back end / full-stack framework, that isn't the most popular option, but that does have a high average developer salary.", "image_url"=>"https://upload.wikimedia.org/wikipedia/commons/thumb/6/62/Ruby_On_Rails_Logo.svg/1200px-Ruby_On_Rails_Logo.svg.png", "thing"=>{"name"=>"Rails", "content"=>"Ruby on Rails is a back end / full-stack framework, that isn't the most popular option, but that does have a high average developer salary.", "image_url"=>"https://upload.wikimedia.org/wikipedia/commons/thumb/6/62/Ruby_On_Rails_Logo.svg/1200px-Ruby_On_Rails_Logo.svg.png"}}
[31mUnpermitted parameter: :thing. Context: { controller: ThingsController, action: create, request: #<ActionDispatch::Request:0x00007fdb811c02c8>, params: {"name"=>"Rails", "content"=>"Ruby on Rails is a back end / full-stack framework, that isn't the most popular option, but that does have a high average developer salary.", "image_url"=>"https://upload.wikimedia.org/wikipedia/commons/thumb/6/62/Ruby_On_Rails_Logo.svg/1200px-Ruby_On_Rails_Logo.svg.png", "controller"=>"things", "action"=>"create", "thing"=>{"name"=>"Rails", "content"=>"Ruby on Rails is a back end / full-stack framework, that isn't the most popular option, but that does have a high average developer salary.", "image_url"=>"https://upload.wikimedia.org/wikipedia/commons/thumb/6/62/Ruby_On_Rails_Logo.svg/1200px-Ruby_On_Rails_Logo.svg.png"}} }[0m
  [1m[36mTRANSACTION (0.3ms)[0m  [1m[35mBEGIN[0m
  ↳ app/controllers/things_controller.rb:12:in `create'
  [1m[36mThing Create (4.3ms)[0m  [1m[32mINSERT INTO "things" ("name", "content", "url", "image_url", "is_favorite", "created_at", "updated_at") VALUES ($1, $2, $3, $4, $5, $6, $7) RETURNING "id"[0m  [["name", "Rails"], ["content", "Ruby on Rails is a back end / full-stack framework, that isn't the most popular option, but that does have a high average developer salary."], ["url", nil], ["image_url", "https://upload.wikimedia.org/wikipedia/commons/thumb/6/62/Ruby_On_Rails_Logo.svg/1200px-Ruby_On_Rails_Logo.svg.png"], ["is_favorite", false], ["created_at", "2022-07-26 22:12:52.976904"], ["updated_at", "2022-07-26 22:12:52.976904"]]
  ↳ app/controllers/things_controller.rb:12:in `create'
  [1m[36mTRANSACTION (3.4ms)[0m  [1m[35mCOMMIT[0m
  ↳ app/controllers/things_controller.rb:12:in `create'
Completed 200 OK in 56ms (Views: 1.0ms | ActiveRecord: 18.1ms | Allocations: 5056)


Started POST "/things" for ::1 at 2022-07-26 18:14:54 -0400
Processing by ThingsController#create as */*
  Parameters: {"name"=>"Flask", "content"=>"Flask is a very lightweight Python backend.", "thing"=>{"name"=>"Flask", "content"=>"Flask is a very lightweight Python backend."}}
  [1m[36mTRANSACTION (0.4ms)[0m  [1m[35mBEGIN[0m
  ↳ app/controllers/things_controller.rb:12:in `create'
  [1m[36mThing Create (0.5ms)[0m  [1m[32mINSERT INTO "things" ("name", "content", "url", "image_url", "is_favorite", "created_at", "updated_at") VALUES ($1, $2, $3, $4, $5, $6, $7) RETURNING "id"[0m  [["name", "Flask"], ["content", "Flask is a very lightweight Python backend."], ["url", nil], ["image_url", nil], ["is_favorite", false], ["created_at", "2022-07-26 22:14:54.757324"], ["updated_at", "2022-07-26 22:14:54.757324"]]
  ↳ app/controllers/things_controller.rb:12:in `create'
  [1m[36mTRANSACTION (2.3ms)[0m  [1m[35mCOMMIT[0m
  ↳ app/controllers/things_controller.rb:12:in `create'
Completed 200 OK in 18ms (Views: 0.5ms | ActiveRecord: 11.4ms | Allocations: 3230)


Started POST "/things" for ::1 at 2022-07-26 18:15:30 -0400
Processing by ThingsController#create as */*
  Parameters: {"name"=>"Garbage", "content"=>"to be deleted.", "thing"=>{"name"=>"Garbage", "content"=>"to be deleted."}}
  [1m[36mTRANSACTION (0.5ms)[0m  [1m[35mBEGIN[0m
  ↳ app/controllers/things_controller.rb:12:in `create'
  [1m[36mThing Create (1.1ms)[0m  [1m[32mINSERT INTO "things" ("name", "content", "url", "image_url", "is_favorite", "created_at", "updated_at") VALUES ($1, $2, $3, $4, $5, $6, $7) RETURNING "id"[0m  [["name", "Garbage"], ["content", "to be deleted."], ["url", nil], ["image_url", nil], ["is_favorite", false], ["created_at", "2022-07-26 22:15:30.342304"], ["updated_at", "2022-07-26 22:15:30.342304"]]
  ↳ app/controllers/things_controller.rb:12:in `create'
  [1m[36mTRANSACTION (3.3ms)[0m  [1m[35mCOMMIT[0m
  ↳ app/controllers/things_controller.rb:12:in `create'
Completed 200 OK in 20ms (Views: 1.4ms | ActiveRecord: 4.8ms | Allocations: 1909)


Started DELETE "/things" for ::1 at 2022-07-26 18:15:57 -0400
  
ActionController::RoutingError (No route matches [DELETE] "/things"):
  
Started DELETE "/things/5" for ::1 at 2022-07-26 18:16:11 -0400
Processing by ThingsController#destroy as */*
  Parameters: {"id"=>"5", "thing"=>{}}
  [1m[36mThing Load (0.7ms)[0m  [1m[34mSELECT "things".* FROM "things" WHERE "things"."id" = $1 LIMIT $2[0m  [["id", 5], ["LIMIT", 1]]
  ↳ app/controllers/things_controller.rb:29:in `destroy'
  [1m[36mTRANSACTION (0.3ms)[0m  [1m[35mBEGIN[0m
  ↳ app/controllers/things_controller.rb:29:in `destroy'
  [1m[36mThing Destroy (0.9ms)[0m  [1m[31mDELETE FROM "things" WHERE "things"."id" = $1[0m  [["id", 5]]
  ↳ app/controllers/things_controller.rb:29:in `destroy'
  [1m[36mTRANSACTION (2.7ms)[0m  [1m[35mCOMMIT[0m
  ↳ app/controllers/things_controller.rb:29:in `destroy'
Completed 204 No Content in 15ms (ActiveRecord: 4.9ms | Allocations: 2010)


Started GET "/things" for ::1 at 2022-07-26 18:16:27 -0400
Processing by ThingsController#index as */*
  Parameters: {"thing"=>{}}
  [1m[36mThing Load (0.7ms)[0m  [1m[34mSELECT "things".* FROM "things"[0m
  ↳ app/controllers/things_controller.rb:3:in `index'
Completed 200 OK in 7ms (Views: 6.1ms | ActiveRecord: 0.7ms | Allocations: 1060)


Started PATCH "/things/4" for ::1 at 2022-07-26 18:17:23 -0400
Processing by ThingsController#update as */*
  Parameters: {"image_url"=>"https://upload.wikimedia.org/wikipedia/commons/thumb/3/3c/Flask_logo.svg/1200px-Flask_logo.svg.png", "id"=>"4", "thing"=>{"image_url"=>"https://upload.wikimedia.org/wikipedia/commons/thumb/3/3c/Flask_logo.svg/1200px-Flask_logo.svg.png"}}
  [1m[36mThing Load (0.8ms)[0m  [1m[34mSELECT "things".* FROM "things" WHERE "things"."id" = $1 LIMIT $2[0m  [["id", 4], ["LIMIT", 1]]
  ↳ app/controllers/things_controller.rb:20:in `update'
  [1m[36mTRANSACTION (0.4ms)[0m  [1m[35mBEGIN[0m
  ↳ app/controllers/things_controller.rb:21:in `update'
  [1m[36mThing Update (1.0ms)[0m  [1m[33mUPDATE "things" SET "image_url" = $1, "updated_at" = $2 WHERE "things"."id" = $3[0m  [["image_url", "https://upload.wikimedia.org/wikipedia/commons/thumb/3/3c/Flask_logo.svg/1200px-Flask_logo.svg.png"], ["updated_at", "2022-07-26 22:17:23.507095"], ["id", 4]]
  ↳ app/controllers/things_controller.rb:21:in `update'
  [1m[36mTRANSACTION (3.0ms)[0m  [1m[35mCOMMIT[0m
  ↳ app/controllers/things_controller.rb:21:in `update'
Completed 200 OK in 21ms (Views: 1.4ms | ActiveRecord: 5.2ms | Allocations: 2360)


Started GET "/things" for ::1 at 2022-07-26 18:28:01 -0400
  [1m[36mActiveRecord::SchemaMigration Pluck (0.8ms)[0m  [1m[34mSELECT "schema_migrations"."version" FROM "schema_migrations" ORDER BY "schema_migrations"."version" ASC[0m
Processing by ThingsController#index as */*
  Parameters: {"thing"=>{}}
  [1m[36mThing Load (0.6ms)[0m  [1m[34mSELECT "things".* FROM "things"[0m
  ↳ app/controllers/things_controller.rb:3:in `index'
[active_model_serializers]   [1m[36mThing Load (0.9ms)[0m  [1m[34mSELECT "things".* FROM "things" INNER JOIN "thing_relationships" ON "things"."id" = "thing_relationships"."child_thing_id" WHERE "thing_relationships"."parent_thing_id" = $1[0m  [["parent_thing_id", 1]]
[active_model_serializers]   ↳ app/controllers/things_controller.rb:3:in `index'
[active_model_serializers]   [1m[36mThing Load (0.5ms)[0m  [1m[34mSELECT "things".* FROM "things" INNER JOIN "thing_relationships" ON "things"."id" = "thing_relationships"."child_thing_id" WHERE "thing_relationships"."parent_thing_id" = $1[0m  [["parent_thing_id", 2]]
[active_model_serializers]   ↳ app/controllers/things_controller.rb:3:in `index'
[active_model_serializers]   [1m[36mThing Load (0.5ms)[0m  [1m[34mSELECT "things".* FROM "things" INNER JOIN "thing_relationships" ON "things"."id" = "thing_relationships"."child_thing_id" WHERE "thing_relationships"."parent_thing_id" = $1[0m  [["parent_thing_id", 3]]
[active_model_serializers]   ↳ app/controllers/things_controller.rb:3:in `index'
[active_model_serializers]   [1m[36mThing Load (0.5ms)[0m  [1m[34mSELECT "things".* FROM "things" INNER JOIN "thing_relationships" ON "things"."id" = "thing_relationships"."child_thing_id" WHERE "thing_relationships"."parent_thing_id" = $1[0m  [["parent_thing_id", 4]]
[active_model_serializers]   ↳ app/controllers/things_controller.rb:3:in `index'
[active_model_serializers] Rendered ActiveModel::Serializer::CollectionSerializer with ActiveModelSerializers::Adapter::Attributes (52.71ms)
Completed 500 Internal Server Error in 109ms (ActiveRecord: 12.8ms | Allocations: 42296)


  
NoMethodError (undefined method `description' for #<Thing:0x00007f0e10be96f8>
Did you mean?  decrypt):
  
app/controllers/things_controller.rb:3:in `index'
Started GET "/things" for ::1 at 2022-07-26 18:28:22 -0400
Processing by ThingsController#index as */*
  Parameters: {"thing"=>{}}
  [1m[36mThing Load (6.2ms)[0m  [1m[34mSELECT "things".* FROM "things"[0m
  ↳ app/controllers/things_controller.rb:3:in `index'
[active_model_serializers]   [1m[36mThing Load (0.5ms)[0m  [1m[34mSELECT "things".* FROM "things" INNER JOIN "thing_relationships" ON "things"."id" = "thing_relationships"."child_thing_id" WHERE "thing_relationships"."parent_thing_id" = $1[0m  [["parent_thing_id", 1]]
[active_model_serializers]   ↳ app/controllers/things_controller.rb:3:in `index'
[active_model_serializers]   [1m[36mThing Load (0.5ms)[0m  [1m[34mSELECT "things".* FROM "things" INNER JOIN "thing_relationships" ON "things"."id" = "thing_relationships"."child_thing_id" WHERE "thing_relationships"."parent_thing_id" = $1[0m  [["parent_thing_id", 2]]
[active_model_serializers]   ↳ app/controllers/things_controller.rb:3:in `index'
[active_model_serializers]   [1m[36mThing Load (0.4ms)[0m  [1m[34mSELECT "things".* FROM "things" INNER JOIN "thing_relationships" ON "things"."id" = "thing_relationships"."child_thing_id" WHERE "thing_relationships"."parent_thing_id" = $1[0m  [["parent_thing_id", 3]]
[active_model_serializers]   ↳ app/controllers/things_controller.rb:3:in `index'
[active_model_serializers]   [1m[36mThing Load (0.4ms)[0m  [1m[34mSELECT "things".* FROM "things" INNER JOIN "thing_relationships" ON "things"."id" = "thing_relationships"."child_thing_id" WHERE "thing_relationships"."parent_thing_id" = $1[0m  [["parent_thing_id", 4]]
[active_model_serializers]   ↳ app/controllers/things_controller.rb:3:in `index'
[active_model_serializers]   [1m[36mCACHE Thing Load (0.0ms)[0m  [1m[34mSELECT "things".* FROM "things" INNER JOIN "thing_relationships" ON "things"."id" = "thing_relationships"."child_thing_id" WHERE "thing_relationships"."parent_thing_id" = $1[0m  [["parent_thing_id", 2]]
[active_model_serializers]   ↳ app/controllers/things_controller.rb:3:in `index'
[active_model_serializers] Rendered ActiveModel::Serializer::CollectionSerializer with ActiveModelSerializers::Adapter::Attributes (29.57ms)
Completed 200 OK in 51ms (Views: 35.7ms | ActiveRecord: 16.2ms | Allocations: 11827)


Started GET "/things/1" for ::1 at 2022-07-26 18:31:50 -0400
Processing by ThingsController#show as */*
  Parameters: {"id"=>"1", "thing"=>{}}
  [1m[36mThing Load (0.5ms)[0m  [1m[34mSELECT "things".* FROM "things" WHERE "things"."id" = $1 LIMIT $2[0m  [["id", 1], ["LIMIT", 1]]
  ↳ app/controllers/things_controller.rb:7:in `show'
[active_model_serializers]   [1m[36mThing Load (0.4ms)[0m  [1m[34mSELECT "things".* FROM "things" INNER JOIN "thing_relationships" ON "things"."id" = "thing_relationships"."child_thing_id" WHERE "thing_relationships"."parent_thing_id" = $1[0m  [["parent_thing_id", 1]]
[active_model_serializers]   ↳ app/controllers/things_controller.rb:7:in `show'
[active_model_serializers]   [1m[36mThing Load (0.4ms)[0m  [1m[34mSELECT "things".* FROM "things" INNER JOIN "thing_relationships" ON "things"."id" = "thing_relationships"."child_thing_id" WHERE "thing_relationships"."parent_thing_id" = $1[0m  [["parent_thing_id", 2]]
[active_model_serializers]   ↳ app/controllers/things_controller.rb:7:in `show'
[active_model_serializers] Rendered ThingSerializer with ActiveModelSerializers::Adapter::Attributes (8.76ms)
Completed 200 OK in 14ms (Views: 8.8ms | ActiveRecord: 1.4ms | Allocations: 3410)


Started GET "/thing_relationships" for ::1 at 2022-07-26 18:38:23 -0400
  [1m[36mActiveRecord::SchemaMigration Pluck (0.7ms)[0m  [1m[34mSELECT "schema_migrations"."version" FROM "schema_migrations" ORDER BY "schema_migrations"."version" ASC[0m
Processing by ThingRelationshipsController#index as */*
  Parameters: {"thing_relationship"=>{}}
  [1m[36mThingRelationship Load (0.6ms)[0m  [1m[34mSELECT "thing_relationships".* FROM "thing_relationships"[0m
  ↳ app/controllers/thing_relationships_controller.rb:3:in `index'
No serializer found for resource: #<ThingRelationship id: 1, parent_thing_id: 1, child_thing_id: 2, created_at: "2022-07-26 20:53:49.067063000 +0000", updated_at: "2022-07-26 20:53:49.067063000 +0000">
[active_model_serializers] Rendered ActiveModel::Serializer::CollectionSerializer with ThingRelationship::ActiveRecord_Relation (0.22ms)
Completed 200 OK in 29ms (Views: 9.5ms | ActiveRecord: 5.3ms | Allocations: 19872)


Started GET "/thing_relationships/1" for ::1 at 2022-07-26 18:38:47 -0400
Processing by ThingRelationshipsController#show as */*
  Parameters: {"id"=>"1", "thing_relationship"=>{}}
  [1m[36mThingRelationship Load (0.5ms)[0m  [1m[34mSELECT "thing_relationships".* FROM "thing_relationships" WHERE "thing_relationships"."id" = $1 LIMIT $2[0m  [["id", 1], ["LIMIT", 1]]
  ↳ app/controllers/thing_relationships_controller.rb:7:in `show'
[active_model_serializers] Rendered ActiveModel::Serializer::Null with ThingRelationship (0.3ms)
Completed 200 OK in 18ms (Views: 2.6ms | ActiveRecord: 0.9ms | Allocations: 2674)


Started POST "/thing_relationships" for ::1 at 2022-07-26 18:40:57 -0400
Processing by ThingRelationshipsController#create as */*
  Parameters: {"parent_thing_id"=>2, "thing_relationship"=>{"parent_thing_id"=>2}}
  [1m[36mTRANSACTION (0.3ms)[0m  [1m[35mBEGIN[0m
  ↳ app/controllers/thing_relationships_controller.rb:12:in `create'
  [1m[36mThing Load (0.9ms)[0m  [1m[34mSELECT "things".* FROM "things" WHERE "things"."id" = $1 LIMIT $2[0m  [["id", 2], ["LIMIT", 1]]
  ↳ app/controllers/thing_relationships_controller.rb:12:in `create'
  [1m[36mTRANSACTION (0.5ms)[0m  [1m[31mROLLBACK[0m
  ↳ app/controllers/thing_relationships_controller.rb:12:in `create'
No serializer found for resource: "Child thing must exist"
[active_model_serializers] Rendered ActiveModel::Serializer::CollectionSerializer with Array (0.19ms)
Completed 422 Unprocessable Entity in 62ms (Views: 2.0ms | ActiveRecord: 7.2ms | Allocations: 15397)


Started POST "/thing_relationships" for ::1 at 2022-07-26 18:41:06 -0400
Processing by ThingRelationshipsController#create as */*
  Parameters: {"parent_thing_id"=>2, "child_thing_id"=>3, "thing_relationship"=>{"parent_thing_id"=>2, "child_thing_id"=>3}}
  [1m[36mTRANSACTION (0.3ms)[0m  [1m[35mBEGIN[0m
  ↳ app/controllers/thing_relationships_controller.rb:12:in `create'
  [1m[36mThing Load (0.4ms)[0m  [1m[34mSELECT "things".* FROM "things" WHERE "things"."id" = $1 LIMIT $2[0m  [["id", 2], ["LIMIT", 1]]
  ↳ app/controllers/thing_relationships_controller.rb:12:in `create'
  [1m[36mThing Load (0.5ms)[0m  [1m[34mSELECT "things".* FROM "things" WHERE "things"."id" = $1 LIMIT $2[0m  [["id", 3], ["LIMIT", 1]]
  ↳ app/controllers/thing_relationships_controller.rb:12:in `create'
  [1m[36mThingRelationship Create (1.2ms)[0m  [1m[32mINSERT INTO "thing_relationships" ("parent_thing_id", "child_thing_id", "created_at", "updated_at") VALUES ($1, $2, $3, $4) RETURNING "id"[0m  [["parent_thing_id", 2], ["child_thing_id", 3], ["created_at", "2022-07-26 22:41:06.978815"], ["updated_at", "2022-07-26 22:41:06.978815"]]
  ↳ app/controllers/thing_relationships_controller.rb:12:in `create'
  [1m[36mTRANSACTION (2.0ms)[0m  [1m[35mCOMMIT[0m
  ↳ app/controllers/thing_relationships_controller.rb:12:in `create'
[active_model_serializers] Rendered ActiveModel::Serializer::Null with ThingRelationship (0.21ms)
Completed 200 OK in 18ms (Views: 0.9ms | ActiveRecord: 4.5ms | Allocations: 3799)


Started GET "/thing_relationships" for ::1 at 2022-07-26 18:41:16 -0400
Processing by ThingRelationshipsController#index as */*
  Parameters: {"thing_relationship"=>{}}
  [1m[36mThingRelationship Load (0.5ms)[0m  [1m[34mSELECT "thing_relationships".* FROM "thing_relationships"[0m
  ↳ app/controllers/thing_relationships_controller.rb:3:in `index'
No serializer found for resource: #<ThingRelationship id: 1, parent_thing_id: 1, child_thing_id: 2, created_at: "2022-07-26 20:53:49.067063000 +0000", updated_at: "2022-07-26 20:53:49.067063000 +0000">
[active_model_serializers] Rendered ActiveModel::Serializer::CollectionSerializer with ThingRelationship::ActiveRecord_Relation (0.59ms)
Completed 200 OK in 5ms (Views: 4.6ms | ActiveRecord: 0.5ms | Allocations: 985)


Started DELETE "/thing_relationships/2" for ::1 at 2022-07-26 18:41:43 -0400
Processing by ThingRelationshipsController#destroy as */*
  Parameters: {"id"=>"2", "thing_relationship"=>{}}
  [1m[36mThingRelationship Load (0.5ms)[0m  [1m[34mSELECT "thing_relationships".* FROM "thing_relationships" WHERE "thing_relationships"."id" = $1 LIMIT $2[0m  [["id", 2], ["LIMIT", 1]]
  ↳ app/controllers/thing_relationships_controller.rb:20:in `destroy'
  [1m[36mTRANSACTION (0.3ms)[0m  [1m[35mBEGIN[0m
  ↳ app/controllers/thing_relationships_controller.rb:20:in `destroy'
  [1m[36mThingRelationship Destroy (0.6ms)[0m  [1m[31mDELETE FROM "thing_relationships" WHERE "thing_relationships"."id" = $1[0m  [["id", 2]]
  ↳ app/controllers/thing_relationships_controller.rb:20:in `destroy'
  [1m[36mTRANSACTION (2.3ms)[0m  [1m[35mCOMMIT[0m
  ↳ app/controllers/thing_relationships_controller.rb:20:in `destroy'
Completed 204 No Content in 11ms (ActiveRecord: 3.7ms | Allocations: 1804)


Started GET "/thing_relationships" for ::1 at 2022-07-26 18:41:49 -0400
Processing by ThingRelationshipsController#index as */*
  Parameters: {"thing_relationship"=>{}}
  [1m[36mThingRelationship Load (0.6ms)[0m  [1m[34mSELECT "thing_relationships".* FROM "thing_relationships"[0m
  ↳ app/controllers/thing_relationships_controller.rb:3:in `index'
No serializer found for resource: #<ThingRelationship id: 1, parent_thing_id: 1, child_thing_id: 2, created_at: "2022-07-26 20:53:49.067063000 +0000", updated_at: "2022-07-26 20:53:49.067063000 +0000">
[active_model_serializers] Rendered ActiveModel::Serializer::CollectionSerializer with ThingRelationship::ActiveRecord_Relation (0.21ms)
Completed 200 OK in 5ms (Views: 3.9ms | ActiveRecord: 0.6ms | Allocations: 890)


Started GET "/thing_relationships" for ::1 at 2022-07-26 18:42:54 -0400
Processing by ThingRelationshipsController#index as */*
  Parameters: {"thing_relationship"=>{}}
  [1m[36mThingRelationship Load (0.5ms)[0m  [1m[34mSELECT "thing_relationships".* FROM "thing_relationships"[0m
  ↳ app/controllers/thing_relationships_controller.rb:3:in `index'
No serializer found for resource: #<ThingRelationship id: 1, parent_thing_id: 1, child_thing_id: 2, created_at: "2022-07-26 20:53:49.067063000 +0000", updated_at: "2022-07-26 20:53:49.067063000 +0000">
[active_model_serializers] Rendered ActiveModel::Serializer::CollectionSerializer with ThingRelationship::ActiveRecord_Relation (0.4ms)
Completed 200 OK in 22ms (Views: 16.8ms | ActiveRecord: 6.1ms | Allocations: 4163)


Started GET "/thing_relationships" for ::1 at 2022-07-26 18:43:11 -0400
Processing by ThingRelationshipsController#index as */*
  Parameters: {"thing_relationship"=>{}}
  [1m[36mThingRelationship Load (0.4ms)[0m  [1m[34mSELECT "thing_relationships".* FROM "thing_relationships"[0m
  ↳ app/controllers/thing_relationships_controller.rb:3:in `index'
No serializer found for resource: #<ThingRelationship id: 1, parent_thing_id: 1, child_thing_id: 2, created_at: "2022-07-26 20:53:49.067063000 +0000", updated_at: "2022-07-26 20:53:49.067063000 +0000">
[active_model_serializers] Rendered ActiveModel::Serializer::CollectionSerializer with ThingRelationship::ActiveRecord_Relation (0.81ms)
Completed 200 OK in 23ms (Views: 19.1ms | ActiveRecord: 5.4ms | Allocations: 2247)


Started GET "/thing_relationships" for ::1 at 2022-07-26 18:43:32 -0400
Processing by ThingRelationshipsController#index as */*
  Parameters: {"thing_relationship"=>{}}
  [1m[36mThingRelationship Load (0.6ms)[0m  [1m[34mSELECT "thing_relationships".* FROM "thing_relationships"[0m
  ↳ app/controllers/thing_relationships_controller.rb:3:in `index'
[active_model_serializers] Rendered ActiveModel::Serializer::CollectionSerializer with ActiveModelSerializers::Adapter::Attributes (0.49ms)
Completed 200 OK in 16ms (Views: 11.9ms | ActiveRecord: 6.5ms | Allocations: 2724)


